<?xml version="1.0" encoding="UTF-8"?>
<!-- Generated by org.testng.reporters.JUnitReportReporter -->
<testsuite hostname="PAL-BLR-SHWETHA" name="ExtentReport.ExtentReportsClass" tests="1" failures="0" timestamp="29 Jan 2021 15:12:56 GMT" time="55.185" errors="0">
  <testcase name="GodigitAzureO365" time="55.185" classname="ExtentReport.ExtentReportsClass"/>
</testsuite> <!-- ExtentReport.ExtentReportsClass -->
