<?xml version="1.0" encoding="UTF-8"?>
<!-- Generated by org.testng.reporters.JUnitReportReporter -->
<testsuite skipped="1" hostname="PAL-BLR-VINU" name="ExtentReport.ExtentReportsClass" tests="35" failures="0" timestamp="16 Jan 2021 04:09:51 GMT" time="2966.246" errors="0">
  <testcase name="PaladionNetworksWithAzureAndOffice365" time="70.890" classname="ExtentReport.ExtentReportsClass"/>
  <testcase name="PaladionNetworksWithAzure" time="69.084" classname="ExtentReport.ExtentReportsClass"/>
  <testcase name="PaladionNetworksWithAws" time="92.700" classname="ExtentReport.ExtentReportsClass"/>
  <testcase name="AlMuhaidib" time="93.188" classname="ExtentReport.ExtentReportsClass"/>
  <testcase name="GoDigitWithAWS" time="61.354" classname="ExtentReport.ExtentReportsClass"/>
  <testcase name="ASGWithAws" time="90.166" classname="ExtentReport.ExtentReportsClass"/>
  <testcase name="SpiGlobalWithAzureAndO365" time="92.101" classname="ExtentReport.ExtentReportsClass"/>
  <testcase name="TrainzWithAzure" time="91.929" classname="ExtentReport.ExtentReportsClass"/>
  <testcase name="SPIGlobalWithAWS" time="85.730" classname="ExtentReport.ExtentReportsClass"/>
  <testcase name="UnicoilWithAzure" time="93.916" classname="ExtentReport.ExtentReportsClass"/>
  <testcase name="UtkarshBankWithAzure" time="60.981" classname="ExtentReport.ExtentReportsClass"/>
  <testcase name="CommonsaaslecindwithO365" time="93.900" classname="ExtentReport.ExtentReportsClass"/>
  <testcase name="ThomasCookWithAws" time="88.260" classname="ExtentReport.ExtentReportsClass"/>
  <testcase name="GoDigitAzureAndO365" time="0.000" classname="ExtentReport.ExtentReportsClass">
    <skipped/>
  </testcase> <!-- GoDigitAzureAndO365 -->
  <testcase name="CommonsaaslecwipfliWithO365" time="90.775" classname="ExtentReport.ExtentReportsClass"/>
  <testcase name="McguirewithAzureAndO365" time="96.772" classname="ExtentReport.ExtentReportsClass"/>
  <testcase name="WipfliLLPWithAzureAndO365" time="93.592" classname="ExtentReport.ExtentReportsClass"/>
  <testcase name="HPGwithAzureAndO365" time="92.950" classname="ExtentReport.ExtentReportsClass"/>
  <testcase name="CommonsaaslecusawithO365" time="92.578" classname="ExtentReport.ExtentReportsClass"/>
  <testcase name="Commonsaaslecpocusa" time="91.914" classname="ExtentReport.ExtentReportsClass"/>
  <testcase name="Mdrazcentrallec" time="91.434" classname="ExtentReport.ExtentReportsClass"/>
  <testcase name="GodigitAzureO365" time="68.530" classname="ExtentReport.ExtentReportsClass"/>
  <testcase name="ASMShippingwithAzureO365" time="97.554" classname="ExtentReport.ExtentReportsClass"/>
  <testcase name="PepperIndiawithAzureO365" time="64.201" classname="ExtentReport.ExtentReportsClass"/>
  <testcase name="Simens1withAws" time="94.536" classname="ExtentReport.ExtentReportsClass"/>
  <testcase name="Simens2withAws" time="92.095" classname="ExtentReport.ExtentReportsClass"/>
  <testcase name="Simens3withAws" time="90.168" classname="ExtentReport.ExtentReportsClass"/>
  <testcase name="Simens4withAws" time="74.791" classname="ExtentReport.ExtentReportsClass"/>
  <testcase name="Simens5withAws" time="92.040" classname="ExtentReport.ExtentReportsClass"/>
  <testcase name="Simens6withAws" time="90.699" classname="ExtentReport.ExtentReportsClass"/>
  <testcase name="Simens7withAws" time="101.845" classname="ExtentReport.ExtentReportsClass"/>
  <testcase name="Integra" time="90.709" classname="ExtentReport.ExtentReportsClass"/>
  <testcase name="MCGUIREwithAws" time="93.101" classname="ExtentReport.ExtentReportsClass"/>
  <testcase name="Simens9WithAws" time="90.508" classname="ExtentReport.ExtentReportsClass"/>
  <testcase name="Simens8withAws" time="91.255" classname="ExtentReport.ExtentReportsClass"/>
</testsuite> <!-- ExtentReport.ExtentReportsClass -->
