<?xml version="1.0" encoding="UTF-8"?>
<!-- Generated by org.testng.reporters.JUnitReportReporter -->
<testsuite skipped="0" hostname="PAL-BLR-VINU" name="ExtentReport.ExtentReportsClass" tests="22" failures="0" timestamp="03 Dec 2020 06:30:37 GMT" time="1952.543" errors="0">
  <testcase name="PaladionNetworksWithAzureAndOffice365" time="99.124" classname="ExtentReport.ExtentReportsClass"/>
  <testcase name="paladionNetworksWithAws" time="94.679" classname="ExtentReport.ExtentReportsClass"/>
  <testcase name="paladionNetworksWithAzure" time="69.446" classname="ExtentReport.ExtentReportsClass"/>
  <testcase name="UPL" time="13.471" classname="ExtentReport.ExtentReportsClass"/>
  <testcase name="AlMuhaidib" time="95.840" classname="ExtentReport.ExtentReportsClass"/>
  <testcase name="goDigitWithAWS" time="95.211" classname="ExtentReport.ExtentReportsClass"/>
  <testcase name="ASG" time="96.168" classname="ExtentReport.ExtentReportsClass"/>
  <testcase name="spiGlobalAzureAndOffice365" time="95.920" classname="ExtentReport.ExtentReportsClass"/>
  <testcase name="TrainzWithAzure" time="96.830" classname="ExtentReport.ExtentReportsClass"/>
  <testcase name="SPIGlobalWithAWS" time="93.964" classname="ExtentReport.ExtentReportsClass"/>
  <testcase name="UNICOIL" time="95.792" classname="ExtentReport.ExtentReportsClass"/>
  <testcase name="UtkarshBank" time="61.941" classname="ExtentReport.ExtentReportsClass"/>
  <testcase name="commonsaaslecind" time="92.116" classname="ExtentReport.ExtentReportsClass"/>
  <testcase name="ThomasCook" time="90.562" classname="ExtentReport.ExtentReportsClass"/>
  <testcase name="GoDigitAzureAndOffice365" time="107.593" classname="ExtentReport.ExtentReportsClass"/>
  <testcase name="commonsaaslecwipfli" time="96.341" classname="ExtentReport.ExtentReportsClass"/>
  <testcase name="MCGUIRE" time="98.373" classname="ExtentReport.ExtentReportsClass"/>
  <testcase name="WipfliLLPWithAzureAndO365" time="66.526" classname="ExtentReport.ExtentReportsClass"/>
  <testcase name="HPG" time="102.482" classname="ExtentReport.ExtentReportsClass"/>
  <testcase name="commonsaaslecusa" time="95.323" classname="ExtentReport.ExtentReportsClass"/>
  <testcase name="mdrazcentrallec" time="98.327" classname="ExtentReport.ExtentReportsClass"/>
  <testcase name="commonsaaslecpocusa" time="96.514" classname="ExtentReport.ExtentReportsClass"/>
</testsuite> <!-- ExtentReport.ExtentReportsClass -->
